Testsuite: tests.nntp.NntpClientV2Test
Tests run: 8, Failures: 0, Errors: 0, Skipped: 6, Time elapsed: 203.723 sec
------------- Standard Output ---------------
20:54:30.140 [main] DEBUG tests.BaseTest - in before
20:54:31.222 [main] INFO  tests.nntp.NntpClientV2Test - downloading article: 61650781
20:54:31.222 [main] INFO  tests.nntp.NntpClientV2Test - article subject: S09E02_Jon_Pertwee_The_Curse_of_Peladon_PAL_DVD9.part004.rar 
20:54:31.633 [main] DEBUG net.nexxus.nntp.NntpClientV2 - connection response was: 200 News.GigaNews.Com
20:54:31.633 [main] DEBUG net.nexxus.nntp.NntpClientV2 - authenticating
20:54:31.819 [main] DEBUG net.nexxus.nntp.NntpClientV2 - authenticated
20:54:31.994 [main] DEBUG net.nexxus.nntp.NntpClientV2 - xover response: 211 26221262 51232257 77453518 alt.binaries.drwho
20:54:31.994 [main] DEBUG net.nexxus.nntp.NntpClientV2 - downloading article id: 61650781
20:54:33.621 [main] DEBUG net.nexxus.nntp.NntpClientV2 - connection response was: 200 News.GigaNews.Com
20:54:33.621 [main] DEBUG net.nexxus.nntp.NntpClientV2 - authenticating
20:54:33.818 [main] DEBUG net.nexxus.nntp.NntpClientV2 - authenticated
20:54:34.003 [main] DEBUG net.nexxus.nntp.NntpClientV2 - xover response: 211 26221262 51232257 77453518 alt.binaries.drwho
20:54:34.004 [main] DEBUG net.nexxus.nntp.NntpClientV2 - downloading article id: 61650784
20:54:35.027 [main] DEBUG net.nexxus.nntp.NntpClientV2 - failed retrieving article using ID
20:54:35.027 [main] DEBUG net.nexxus.nntp.NntpClientV2 - attempting to retrieve article using MSGID
20:54:36.171 [main] DEBUG net.nexxus.nntp.NntpClientV2 - msgid response was: 430 no such article
20:54:36.172 [main] ERROR net.nexxus.nntp.NntpClientV2 - exception : net.nexxus.nntp.NntpException: no such article
20:54:39.174 [main] ERROR tests.nntp.NntpClientV2Test - could not download article part: no such article
20:54:39.364 [main] DEBUG net.nexxus.nntp.NntpClientV2 - connection response was: 200 News.GigaNews.Com
20:54:39.364 [main] DEBUG net.nexxus.nntp.NntpClientV2 - authenticating
20:54:39.557 [main] DEBUG net.nexxus.nntp.NntpClientV2 - authenticated
20:54:39.740 [main] DEBUG net.nexxus.nntp.NntpClientV2 - xover response: 211 26221262 51232257 77453518 alt.binaries.drwho
20:54:39.741 [main] DEBUG net.nexxus.nntp.NntpClientV2 - downloading article id: 61650787
20:54:41.760 [main] DEBUG net.nexxus.nntp.NntpClientV2 - connection response was: 200 News.GigaNews.Com
20:54:41.760 [main] DEBUG net.nexxus.nntp.NntpClientV2 - authenticating
20:54:41.970 [main] DEBUG net.nexxus.nntp.NntpClientV2 - authenticated
20:54:42.156 [main] DEBUG net.nexxus.nntp.NntpClientV2 - xover response: 211 26221262 51232257 77453518 alt.binaries.drwho
20:54:42.157 [main] DEBUG net.nexxus.nntp.NntpClientV2 - downloading article id: 61650791
20:54:43.888 [main] DEBUG net.nexxus.nntp.NntpClientV2 - connection response was: 200 News.GigaNews.Com
20:54:43.888 [main] DEBUG net.nexxus.nntp.NntpClientV2 - authenticating
20:54:44.070 [main] DEBUG net.nexxus.nntp.NntpClientV2 - authenticated
20:54:44.287 [main] DEBUG net.nexxus.nntp.NntpClientV2 - xover response: 211 26221262 51232257 77453518 alt.binaries.drwho
20:54:44.288 [main] DEBUG net.nexxus.nntp.NntpClientV2 - downloading article id: 61650793
20:54:46.052 [main] DEBUG net.nexxus.nntp.NntpClientV2 - connection response was: 200 News.GigaNews.Com
20:54:46.052 [main] DEBUG net.nexxus.nntp.NntpClientV2 - authenticating
20:54:46.246 [main] DEBUG net.nexxus.nntp.NntpClientV2 - authenticated
20:54:46.629 [main] DEBUG net.nexxus.nntp.NntpClientV2 - xover response: 211 26221262 51232257 77453518 alt.binaries.drwho
20:54:46.629 [main] DEBUG net.nexxus.nntp.NntpClientV2 - downloading article id: 61650797
20:54:47.623 [main] DEBUG net.nexxus.nntp.NntpClientV2 - failed retrieving article using ID
20:54:47.623 [main] DEBUG net.nexxus.nntp.NntpClientV2 - attempting to retrieve article using MSGID
20:54:48.582 [main] DEBUG net.nexxus.nntp.NntpClientV2 - msgid response was: 222 0 <LbWdndFTqsyr8rXQnZ2dnUVZ8mmdnZ2d@giganews.com>
20:54:49.418 [main] DEBUG net.nexxus.nntp.NntpClientV2 - connection response was: 200 News.GigaNews.Com
20:54:49.418 [main] DEBUG net.nexxus.nntp.NntpClientV2 - authenticating
20:54:49.599 [main] DEBUG net.nexxus.nntp.NntpClientV2 - authenticated
20:54:49.769 [main] DEBUG net.nexxus.nntp.NntpClientV2 - xover response: 211 26221262 51232257 77453518 alt.binaries.drwho
20:54:49.769 [main] DEBUG net.nexxus.nntp.NntpClientV2 - downloading article id: 61650800
20:54:50.786 [main] DEBUG net.nexxus.nntp.NntpClientV2 - failed retrieving article using ID
20:54:50.786 [main] DEBUG net.nexxus.nntp.NntpClientV2 - attempting to retrieve article using MSGID
20:54:51.748 [main] DEBUG net.nexxus.nntp.NntpClientV2 - msgid response was: 430 no such article
20:54:51.748 [main] ERROR net.nexxus.nntp.NntpClientV2 - exception : net.nexxus.nntp.NntpException: no such article
20:54:54.750 [main] ERROR tests.nntp.NntpClientV2Test - could not download article part: no such article
20:54:54.933 [main] DEBUG net.nexxus.nntp.NntpClientV2 - connection response was: 200 News.GigaNews.Com
20:54:54.933 [main] DEBUG net.nexxus.nntp.NntpClientV2 - authenticating
20:54:55.117 [main] DEBUG net.nexxus.nntp.NntpClientV2 - authenticated
20:54:55.287 [main] DEBUG net.nexxus.nntp.NntpClientV2 - xover response: 211 26221262 51232257 77453518 alt.binaries.drwho
20:54:55.287 [main] DEBUG net.nexxus.nntp.NntpClientV2 - downloading article id: 61650802
20:54:56.453 [main] DEBUG net.nexxus.nntp.NntpClientV2 - failed retrieving article using ID
20:54:56.453 [main] DEBUG net.nexxus.nntp.NntpClientV2 - attempting to retrieve article using MSGID
20:54:57.434 [main] DEBUG net.nexxus.nntp.NntpClientV2 - msgid response was: 430 no such article
20:54:57.434 [main] ERROR net.nexxus.nntp.NntpClientV2 - exception : net.nexxus.nntp.NntpException: no such article
20:55:00.436 [main] ERROR tests.nntp.NntpClientV2Test - could not download article part: no such article
20:55:00.641 [main] DEBUG net.nexxus.nntp.NntpClientV2 - connection response was: 200 News.GigaNews.Com
20:55:00.641 [main] DEBUG net.nexxus.nntp.NntpClientV2 - authenticating
20:55:00.835 [main] DEBUG net.nexxus.nntp.NntpClientV2 - authenticated
20:55:01.047 [main] DEBUG net.nexxus.nntp.NntpClientV2 - xover response: 211 26221262 51232257 77453518 alt.binaries.drwho
20:55:01.048 [main] DEBUG net.nexxus.nntp.NntpClientV2 - downloading article id: 61650806
20:55:02.015 [main] DEBUG net.nexxus.nntp.NntpClientV2 - failed retrieving article using ID
20:55:02.015 [main] DEBUG net.nexxus.nntp.NntpClientV2 - attempting to retrieve article using MSGID
20:55:03.161 [main] DEBUG net.nexxus.nntp.NntpClientV2 - msgid response was: 430 no such article
20:55:03.162 [main] ERROR net.nexxus.nntp.NntpClientV2 - exception : net.nexxus.nntp.NntpException: no such article
20:55:06.164 [main] ERROR tests.nntp.NntpClientV2Test - could not download article part: no such article
20:55:06.586 [main] DEBUG net.nexxus.nntp.NntpClientV2 - connection response was: 200 News.GigaNews.Com
20:55:06.586 [main] DEBUG net.nexxus.nntp.NntpClientV2 - authenticating
20:55:06.783 [main] DEBUG net.nexxus.nntp.NntpClientV2 - authenticated
20:55:06.968 [main] DEBUG net.nexxus.nntp.NntpClientV2 - xover response: 211 26221262 51232257 77453518 alt.binaries.drwho
20:55:06.968 [main] DEBUG net.nexxus.nntp.NntpClientV2 - downloading article id: 61650809
20:55:08.747 [main] DEBUG net.nexxus.nntp.NntpClientV2 - connection response was: 200 News.GigaNews.Com
20:55:08.747 [main] DEBUG net.nexxus.nntp.NntpClientV2 - authenticating
20:55:08.952 [main] DEBUG net.nexxus.nntp.NntpClientV2 - authenticated
20:55:09.140 [main] DEBUG net.nexxus.nntp.NntpClientV2 - xover response: 211 26221262 51232257 77453518 alt.binaries.drwho
20:55:09.141 [main] DEBUG net.nexxus.nntp.NntpClientV2 - downloading article id: 61650812
20:55:10.911 [main] DEBUG net.nexxus.nntp.NntpClientV2 - connection response was: 200 News.GigaNews.Com
20:55:10.911 [main] DEBUG net.nexxus.nntp.NntpClientV2 - authenticating
20:55:11.091 [main] DEBUG net.nexxus.nntp.NntpClientV2 - authenticated
20:55:11.261 [main] DEBUG net.nexxus.nntp.NntpClientV2 - xover response: 211 26221262 51232257 77453518 alt.binaries.drwho
20:55:11.261 [main] DEBUG net.nexxus.nntp.NntpClientV2 - downloading article id: 61650815
20:55:12.877 [main] DEBUG net.nexxus.nntp.NntpClientV2 - connection response was: 200 News.GigaNews.Com
20:55:12.878 [main] DEBUG net.nexxus.nntp.NntpClientV2 - authenticating
20:55:13.073 [main] DEBUG net.nexxus.nntp.NntpClientV2 - authenticated
20:55:13.255 [main] DEBUG net.nexxus.nntp.NntpClientV2 - xover response: 211 26221262 51232257 77453518 alt.binaries.drwho
20:55:13.256 [main] DEBUG net.nexxus.nntp.NntpClientV2 - downloading article id: 61650819
20:55:14.981 [main] DEBUG net.nexxus.nntp.NntpClientV2 - connection response was: 200 News.GigaNews.Com
20:55:14.981 [main] DEBUG net.nexxus.nntp.NntpClientV2 - authenticating
20:55:15.170 [main] DEBUG net.nexxus.nntp.NntpClientV2 - authenticated
20:55:15.351 [main] DEBUG net.nexxus.nntp.NntpClientV2 - xover response: 211 26221262 51232257 77453518 alt.binaries.drwho
20:55:15.352 [main] DEBUG net.nexxus.nntp.NntpClientV2 - downloading article id: 61650821
20:55:16.318 [main] DEBUG net.nexxus.nntp.NntpClientV2 - failed retrieving article using ID
20:55:16.319 [main] DEBUG net.nexxus.nntp.NntpClientV2 - attempting to retrieve article using MSGID
20:55:17.329 [main] DEBUG net.nexxus.nntp.NntpClientV2 - msgid response was: 430 no such article
20:55:17.329 [main] ERROR net.nexxus.nntp.NntpClientV2 - exception : net.nexxus.nntp.NntpException: no such article
20:55:20.331 [main] ERROR tests.nntp.NntpClientV2Test - could not download article part: no such article
20:55:20.520 [main] DEBUG net.nexxus.nntp.NntpClientV2 - connection response was: 200 News.GigaNews.Com
20:55:20.520 [main] DEBUG net.nexxus.nntp.NntpClientV2 - authenticating
20:55:20.712 [main] DEBUG net.nexxus.nntp.NntpClientV2 - authenticated
20:55:20.891 [main] DEBUG net.nexxus.nntp.NntpClientV2 - xover response: 211 26221262 51232257 77453518 alt.binaries.drwho
20:55:20.892 [main] DEBUG net.nexxus.nntp.NntpClientV2 - downloading article id: 61650824
20:55:22.701 [main] DEBUG net.nexxus.nntp.NntpClientV2 - connection response was: 200 News.GigaNews.Com
20:55:22.702 [main] DEBUG net.nexxus.nntp.NntpClientV2 - authenticating
20:55:22.893 [main] DEBUG net.nexxus.nntp.NntpClientV2 - authenticated
20:55:23.066 [main] DEBUG net.nexxus.nntp.NntpClientV2 - xover response: 211 26221262 51232257 77453518 alt.binaries.drwho
20:55:23.066 [main] DEBUG net.nexxus.nntp.NntpClientV2 - downloading article id: 61650826
20:55:24.772 [main] DEBUG net.nexxus.nntp.NntpClientV2 - connection response was: 200 News.GigaNews.Com
20:55:24.772 [main] DEBUG net.nexxus.nntp.NntpClientV2 - authenticating
20:55:24.960 [main] DEBUG net.nexxus.nntp.NntpClientV2 - authenticated
20:55:25.134 [main] DEBUG net.nexxus.nntp.NntpClientV2 - xover response: 211 26221262 51232257 77453518 alt.binaries.drwho
20:55:25.134 [main] DEBUG net.nexxus.nntp.NntpClientV2 - downloading article id: 61650829
20:55:26.909 [main] DEBUG net.nexxus.nntp.NntpClientV2 - connection response was: 200 News.GigaNews.Com
20:55:26.909 [main] DEBUG net.nexxus.nntp.NntpClientV2 - authenticating
20:55:27.102 [main] DEBUG net.nexxus.nntp.NntpClientV2 - authenticated
20:55:27.284 [main] DEBUG net.nexxus.nntp.NntpClientV2 - xover response: 211 26221262 51232257 77453518 alt.binaries.drwho
20:55:27.284 [main] DEBUG net.nexxus.nntp.NntpClientV2 - downloading article id: 61650832
20:55:30.038 [main] DEBUG net.nexxus.nntp.NntpClientV2 - connection response was: 200 News.GigaNews.Com
20:55:30.038 [main] DEBUG net.nexxus.nntp.NntpClientV2 - authenticating
20:55:30.234 [main] DEBUG net.nexxus.nntp.NntpClientV2 - authenticated
20:55:30.416 [main] DEBUG net.nexxus.nntp.NntpClientV2 - xover response: 211 26221262 51232257 77453518 alt.binaries.drwho
20:55:30.416 [main] DEBUG net.nexxus.nntp.NntpClientV2 - downloading article id: 61650834
20:55:32.298 [main] DEBUG net.nexxus.nntp.NntpClientV2 - connection response was: 200 News.GigaNews.Com
20:55:32.298 [main] DEBUG net.nexxus.nntp.NntpClientV2 - authenticating
20:55:32.492 [main] DEBUG net.nexxus.nntp.NntpClientV2 - authenticated
20:55:32.674 [main] DEBUG net.nexxus.nntp.NntpClientV2 - xover response: 211 26221262 51232257 77453518 alt.binaries.drwho
20:55:32.675 [main] DEBUG net.nexxus.nntp.NntpClientV2 - downloading article id: 61650838
20:55:34.416 [main] DEBUG net.nexxus.nntp.NntpClientV2 - connection response was: 200 News.GigaNews.Com
20:55:34.416 [main] DEBUG net.nexxus.nntp.NntpClientV2 - authenticating
20:55:34.607 [main] DEBUG net.nexxus.nntp.NntpClientV2 - authenticated
20:55:34.781 [main] DEBUG net.nexxus.nntp.NntpClientV2 - xover response: 211 26221262 51232257 77453518 alt.binaries.drwho
20:55:34.781 [main] DEBUG net.nexxus.nntp.NntpClientV2 - downloading article id: 61650840
20:55:35.779 [main] DEBUG net.nexxus.nntp.NntpClientV2 - failed retrieving article using ID
20:55:35.779 [main] DEBUG net.nexxus.nntp.NntpClientV2 - attempting to retrieve article using MSGID
20:55:36.734 [main] DEBUG net.nexxus.nntp.NntpClientV2 - msgid response was: 430 no such article
20:55:36.734 [main] ERROR net.nexxus.nntp.NntpClientV2 - exception : net.nexxus.nntp.NntpException: no such article
20:55:39.735 [main] ERROR tests.nntp.NntpClientV2Test - could not download article part: no such article
20:55:40.158 [main] DEBUG net.nexxus.nntp.NntpClientV2 - connection response was: 200 News.GigaNews.Com
20:55:40.158 [main] DEBUG net.nexxus.nntp.NntpClientV2 - authenticating
20:55:40.344 [main] DEBUG net.nexxus.nntp.NntpClientV2 - authenticated
20:55:40.522 [main] DEBUG net.nexxus.nntp.NntpClientV2 - xover response: 211 26221262 51232257 77453518 alt.binaries.drwho
20:55:40.522 [main] DEBUG net.nexxus.nntp.NntpClientV2 - downloading article id: 61650843
20:55:41.517 [main] DEBUG net.nexxus.nntp.NntpClientV2 - failed retrieving article using ID
20:55:41.518 [main] DEBUG net.nexxus.nntp.NntpClientV2 - attempting to retrieve article using MSGID
20:55:42.466 [main] DEBUG net.nexxus.nntp.NntpClientV2 - msgid response was: 430 no such article
20:55:42.466 [main] ERROR net.nexxus.nntp.NntpClientV2 - exception : net.nexxus.nntp.NntpException: no such article
20:55:45.468 [main] ERROR tests.nntp.NntpClientV2Test - could not download article part: no such article
20:55:45.651 [main] DEBUG net.nexxus.nntp.NntpClientV2 - connection response was: 200 News.GigaNews.Com
20:55:45.651 [main] DEBUG net.nexxus.nntp.NntpClientV2 - authenticating
20:55:45.839 [main] DEBUG net.nexxus.nntp.NntpClientV2 - authenticated
20:55:46.010 [main] DEBUG net.nexxus.nntp.NntpClientV2 - xover response: 211 26221262 51232257 77453518 alt.binaries.drwho
20:55:46.010 [main] DEBUG net.nexxus.nntp.NntpClientV2 - downloading article id: 61650845
20:55:47.712 [main] DEBUG net.nexxus.nntp.NntpClientV2 - connection response was: 200 News.GigaNews.Com
20:55:47.712 [main] DEBUG net.nexxus.nntp.NntpClientV2 - authenticating
20:55:47.902 [main] DEBUG net.nexxus.nntp.NntpClientV2 - authenticated
20:55:48.075 [main] DEBUG net.nexxus.nntp.NntpClientV2 - xover response: 211 26221262 51232257 77453518 alt.binaries.drwho
20:55:48.076 [main] DEBUG net.nexxus.nntp.NntpClientV2 - downloading article id: 61650849
20:55:49.680 [main] DEBUG net.nexxus.nntp.NntpClientV2 - connection response was: 200 News.GigaNews.Com
20:55:49.680 [main] DEBUG net.nexxus.nntp.NntpClientV2 - authenticating
20:55:49.856 [main] DEBUG net.nexxus.nntp.NntpClientV2 - authenticated
20:55:50.032 [main] DEBUG net.nexxus.nntp.NntpClientV2 - xover response: 211 26221262 51232257 77453518 alt.binaries.drwho
20:55:50.032 [main] DEBUG net.nexxus.nntp.NntpClientV2 - downloading article id: 61650852
20:55:51.624 [main] DEBUG net.nexxus.nntp.NntpClientV2 - connection response was: 200 News.GigaNews.Com
20:55:51.624 [main] DEBUG net.nexxus.nntp.NntpClientV2 - authenticating
20:55:51.814 [main] DEBUG net.nexxus.nntp.NntpClientV2 - authenticated
20:55:51.989 [main] DEBUG net.nexxus.nntp.NntpClientV2 - xover response: 211 26221262 51232257 77453518 alt.binaries.drwho
20:55:51.989 [main] DEBUG net.nexxus.nntp.NntpClientV2 - downloading article id: 61650856
20:55:52.956 [main] DEBUG net.nexxus.nntp.NntpClientV2 - failed retrieving article using ID
20:55:52.956 [main] DEBUG net.nexxus.nntp.NntpClientV2 - attempting to retrieve article using MSGID
20:55:53.902 [main] DEBUG net.nexxus.nntp.NntpClientV2 - msgid response was: 430 no such article
20:55:53.902 [main] ERROR net.nexxus.nntp.NntpClientV2 - exception : net.nexxus.nntp.NntpException: no such article
20:55:56.904 [main] ERROR tests.nntp.NntpClientV2Test - could not download article part: no such article
20:55:57.105 [main] DEBUG net.nexxus.nntp.NntpClientV2 - connection response was: 200 News.GigaNews.Com
20:55:57.105 [main] DEBUG net.nexxus.nntp.NntpClientV2 - authenticating
20:55:57.300 [main] DEBUG net.nexxus.nntp.NntpClientV2 - authenticated
20:55:57.482 [main] DEBUG net.nexxus.nntp.NntpClientV2 - xover response: 211 26221262 51232257 77453518 alt.binaries.drwho
20:55:57.482 [main] DEBUG net.nexxus.nntp.NntpClientV2 - downloading article id: 61650859
20:55:59.267 [main] DEBUG net.nexxus.nntp.NntpClientV2 - connection response was: 200 News.GigaNews.Com
20:55:59.267 [main] DEBUG net.nexxus.nntp.NntpClientV2 - authenticating
20:55:59.456 [main] DEBUG net.nexxus.nntp.NntpClientV2 - authenticated
20:55:59.649 [main] DEBUG net.nexxus.nntp.NntpClientV2 - xover response: 211 26221262 51232257 77453518 alt.binaries.drwho
20:55:59.649 [main] DEBUG net.nexxus.nntp.NntpClientV2 - downloading article id: 61650863
20:56:00.602 [main] DEBUG net.nexxus.nntp.NntpClientV2 - failed retrieving article using ID
20:56:00.602 [main] DEBUG net.nexxus.nntp.NntpClientV2 - attempting to retrieve article using MSGID
20:56:01.562 [main] DEBUG net.nexxus.nntp.NntpClientV2 - msgid response was: 430 no such article
20:56:01.562 [main] ERROR net.nexxus.nntp.NntpClientV2 - exception : net.nexxus.nntp.NntpException: no such article
20:56:04.563 [main] ERROR tests.nntp.NntpClientV2Test - could not download article part: no such article
20:56:04.777 [main] DEBUG net.nexxus.nntp.NntpClientV2 - connection response was: 200 News.GigaNews.Com
20:56:04.777 [main] DEBUG net.nexxus.nntp.NntpClientV2 - authenticating
20:56:04.968 [main] DEBUG net.nexxus.nntp.NntpClientV2 - authenticated
20:56:05.153 [main] DEBUG net.nexxus.nntp.NntpClientV2 - xover response: 211 26221262 51232257 77453518 alt.binaries.drwho
20:56:05.153 [main] DEBUG net.nexxus.nntp.NntpClientV2 - downloading article id: 61650865
20:56:06.872 [main] DEBUG net.nexxus.nntp.NntpClientV2 - connection response was: 200 News.GigaNews.Com
20:56:06.872 [main] DEBUG net.nexxus.nntp.NntpClientV2 - authenticating
20:56:07.054 [main] DEBUG net.nexxus.nntp.NntpClientV2 - authenticated
20:56:07.232 [main] DEBUG net.nexxus.nntp.NntpClientV2 - xover response: 211 26221262 51232257 77453518 alt.binaries.drwho
20:56:07.232 [main] DEBUG net.nexxus.nntp.NntpClientV2 - downloading article id: 61650869
20:56:08.987 [main] DEBUG net.nexxus.nntp.NntpClientV2 - connection response was: 200 News.GigaNews.Com
20:56:08.988 [main] DEBUG net.nexxus.nntp.NntpClientV2 - authenticating
20:56:09.172 [main] DEBUG net.nexxus.nntp.NntpClientV2 - authenticated
20:56:09.352 [main] DEBUG net.nexxus.nntp.NntpClientV2 - xover response: 211 26221262 51232257 77453518 alt.binaries.drwho
20:56:09.353 [main] DEBUG net.nexxus.nntp.NntpClientV2 - downloading article id: 61650873
20:56:11.792 [main] DEBUG net.nexxus.nntp.NntpClientV2 - connection response was: 200 News.GigaNews.Com
20:56:11.792 [main] DEBUG net.nexxus.nntp.NntpClientV2 - authenticating
20:56:11.998 [main] DEBUG net.nexxus.nntp.NntpClientV2 - authenticated
20:56:12.184 [main] DEBUG net.nexxus.nntp.NntpClientV2 - xover response: 211 26221262 51232257 77453518 alt.binaries.drwho
20:56:12.184 [main] DEBUG net.nexxus.nntp.NntpClientV2 - downloading article id: 61650875
20:56:13.936 [main] DEBUG net.nexxus.nntp.NntpClientV2 - connection response was: 200 News.GigaNews.Com
20:56:13.936 [main] DEBUG net.nexxus.nntp.NntpClientV2 - authenticating
20:56:14.123 [main] DEBUG net.nexxus.nntp.NntpClientV2 - authenticated
20:56:14.308 [main] DEBUG net.nexxus.nntp.NntpClientV2 - xover response: 211 26221262 51232257 77453518 alt.binaries.drwho
20:56:14.308 [main] DEBUG net.nexxus.nntp.NntpClientV2 - downloading article id: 61650878
20:56:15.283 [main] DEBUG net.nexxus.nntp.NntpClientV2 - failed retrieving article using ID
20:56:15.283 [main] DEBUG net.nexxus.nntp.NntpClientV2 - attempting to retrieve article using MSGID
20:56:16.237 [main] DEBUG net.nexxus.nntp.NntpClientV2 - msgid response was: 430 no such article
20:56:16.237 [main] ERROR net.nexxus.nntp.NntpClientV2 - exception : net.nexxus.nntp.NntpException: no such article
20:56:19.239 [main] ERROR tests.nntp.NntpClientV2Test - could not download article part: no such article
20:56:19.419 [main] DEBUG net.nexxus.nntp.NntpClientV2 - connection response was: 200 News.GigaNews.Com
20:56:19.419 [main] DEBUG net.nexxus.nntp.NntpClientV2 - authenticating
20:56:19.603 [main] DEBUG net.nexxus.nntp.NntpClientV2 - authenticated
20:56:19.774 [main] DEBUG net.nexxus.nntp.NntpClientV2 - xover response: 211 26221262 51232257 77453518 alt.binaries.drwho
20:56:19.774 [main] DEBUG net.nexxus.nntp.NntpClientV2 - downloading article id: 61650881
20:56:20.744 [main] DEBUG net.nexxus.nntp.NntpClientV2 - failed retrieving article using ID
20:56:20.744 [main] DEBUG net.nexxus.nntp.NntpClientV2 - attempting to retrieve article using MSGID
20:56:21.685 [main] DEBUG net.nexxus.nntp.NntpClientV2 - msgid response was: 430 no such article
20:56:21.685 [main] ERROR net.nexxus.nntp.NntpClientV2 - exception : net.nexxus.nntp.NntpException: no such article
20:56:24.687 [main] ERROR tests.nntp.NntpClientV2Test - could not download article part: no such article
20:56:24.880 [main] DEBUG net.nexxus.nntp.NntpClientV2 - connection response was: 200 News.GigaNews.Com
20:56:24.880 [main] DEBUG net.nexxus.nntp.NntpClientV2 - authenticating
20:56:25.080 [main] DEBUG net.nexxus.nntp.NntpClientV2 - authenticated
20:56:25.263 [main] DEBUG net.nexxus.nntp.NntpClientV2 - xover response: 211 26221262 51232257 77453518 alt.binaries.drwho
20:56:25.263 [main] DEBUG net.nexxus.nntp.NntpClientV2 - downloading article id: 61650883
20:56:26.993 [main] DEBUG net.nexxus.nntp.NntpClientV2 - connection response was: 200 News.GigaNews.Com
20:56:26.993 [main] DEBUG net.nexxus.nntp.NntpClientV2 - authenticating
20:56:27.175 [main] DEBUG net.nexxus.nntp.NntpClientV2 - authenticated
20:56:27.349 [main] DEBUG net.nexxus.nntp.NntpClientV2 - xover response: 211 26221262 51232257 77453518 alt.binaries.drwho
20:56:27.349 [main] DEBUG net.nexxus.nntp.NntpClientV2 - downloading article id: 61650886
20:56:29.104 [main] DEBUG net.nexxus.nntp.NntpClientV2 - connection response was: 200 News.GigaNews.Com
20:56:29.104 [main] DEBUG net.nexxus.nntp.NntpClientV2 - authenticating
20:56:29.281 [main] DEBUG net.nexxus.nntp.NntpClientV2 - authenticated
20:56:29.455 [main] DEBUG net.nexxus.nntp.NntpClientV2 - xover response: 211 26221262 51232257 77453518 alt.binaries.drwho
20:56:29.455 [main] DEBUG net.nexxus.nntp.NntpClientV2 - downloading article id: 61650891
20:56:31.108 [main] DEBUG net.nexxus.nntp.NntpClientV2 - connection response was: 200 News.GigaNews.Com
20:56:31.108 [main] DEBUG net.nexxus.nntp.NntpClientV2 - authenticating
20:56:31.304 [main] DEBUG net.nexxus.nntp.NntpClientV2 - authenticated
20:56:31.489 [main] DEBUG net.nexxus.nntp.NntpClientV2 - xover response: 211 26221262 51232257 77453518 alt.binaries.drwho
20:56:31.490 [main] DEBUG net.nexxus.nntp.NntpClientV2 - downloading article id: 61650896
20:56:32.508 [main] DEBUG net.nexxus.nntp.NntpClientV2 - failed retrieving article using ID
20:56:32.508 [main] DEBUG net.nexxus.nntp.NntpClientV2 - attempting to retrieve article using MSGID
20:56:33.493 [main] DEBUG net.nexxus.nntp.NntpClientV2 - msgid response was: 430 no such article
20:56:33.493 [main] ERROR net.nexxus.nntp.NntpClientV2 - exception : net.nexxus.nntp.NntpException: no such article
20:56:36.495 [main] ERROR tests.nntp.NntpClientV2Test - could not download article part: no such article
20:56:36.679 [main] DEBUG net.nexxus.nntp.NntpClientV2 - connection response was: 200 News.GigaNews.Com
20:56:36.679 [main] DEBUG net.nexxus.nntp.NntpClientV2 - authenticating
20:56:36.861 [main] DEBUG net.nexxus.nntp.NntpClientV2 - authenticated
20:56:37.039 [main] DEBUG net.nexxus.nntp.NntpClientV2 - xover response: 211 26221262 51232257 77453518 alt.binaries.drwho
20:56:37.039 [main] DEBUG net.nexxus.nntp.NntpClientV2 - downloading article id: 61650892
20:56:38.918 [main] DEBUG net.nexxus.nntp.NntpClientV2 - connection response was: 200 News.GigaNews.Com
20:56:38.919 [main] DEBUG net.nexxus.nntp.NntpClientV2 - authenticating
20:56:39.101 [main] DEBUG net.nexxus.nntp.NntpClientV2 - authenticated
20:56:39.273 [main] DEBUG net.nexxus.nntp.NntpClientV2 - xover response: 211 26221262 51232257 77453518 alt.binaries.drwho
20:56:39.273 [main] DEBUG net.nexxus.nntp.NntpClientV2 - downloading article id: 61650920
20:56:40.279 [main] DEBUG net.nexxus.nntp.NntpClientV2 - failed retrieving article using ID
20:56:40.279 [main] DEBUG net.nexxus.nntp.NntpClientV2 - attempting to retrieve article using MSGID
20:56:41.226 [main] DEBUG net.nexxus.nntp.NntpClientV2 - msgid response was: 430 no such article
20:56:41.226 [main] ERROR net.nexxus.nntp.NntpClientV2 - exception : net.nexxus.nntp.NntpException: no such article
20:56:44.227 [main] ERROR tests.nntp.NntpClientV2Test - could not download article part: no such article
20:56:44.705 [main] DEBUG net.nexxus.nntp.NntpClientV2 - connection response was: 200 News.GigaNews.Com
20:56:44.705 [main] DEBUG net.nexxus.nntp.NntpClientV2 - authenticating
20:56:44.903 [main] DEBUG net.nexxus.nntp.NntpClientV2 - authenticated
20:56:45.085 [main] DEBUG net.nexxus.nntp.NntpClientV2 - xover response: 211 26221262 51232257 77453518 alt.binaries.drwho
20:56:45.085 [main] DEBUG net.nexxus.nntp.NntpClientV2 - downloading article id: 61650897
20:56:46.044 [main] DEBUG net.nexxus.nntp.NntpClientV2 - failed retrieving article using ID
20:56:46.044 [main] DEBUG net.nexxus.nntp.NntpClientV2 - attempting to retrieve article using MSGID
20:56:46.992 [main] DEBUG net.nexxus.nntp.NntpClientV2 - msgid response was: 430 no such article
20:56:46.993 [main] ERROR net.nexxus.nntp.NntpClientV2 - exception : net.nexxus.nntp.NntpException: no such article
20:56:49.999 [main] ERROR tests.nntp.NntpClientV2Test - could not download article part: no such article
20:56:50.194 [main] DEBUG net.nexxus.nntp.NntpClientV2 - connection response was: 200 News.GigaNews.Com
20:56:50.194 [main] DEBUG net.nexxus.nntp.NntpClientV2 - authenticating
20:56:50.389 [main] DEBUG net.nexxus.nntp.NntpClientV2 - authenticated
20:56:50.616 [main] DEBUG net.nexxus.nntp.NntpClientV2 - xover response: 211 26221262 51232257 77453518 alt.binaries.drwho
20:56:50.616 [main] DEBUG net.nexxus.nntp.NntpClientV2 - downloading article id: 61650900
20:56:52.596 [main] DEBUG net.nexxus.nntp.NntpClientV2 - connection response was: 200 News.GigaNews.Com
20:56:52.597 [main] DEBUG net.nexxus.nntp.NntpClientV2 - authenticating
20:56:52.790 [main] DEBUG net.nexxus.nntp.NntpClientV2 - authenticated
20:56:52.977 [main] DEBUG net.nexxus.nntp.NntpClientV2 - xover response: 211 26221262 51232257 77453518 alt.binaries.drwho
20:56:52.977 [main] DEBUG net.nexxus.nntp.NntpClientV2 - downloading article id: 61650904
20:56:54.726 [main] DEBUG net.nexxus.nntp.NntpClientV2 - connection response was: 200 News.GigaNews.Com
20:56:54.727 [main] DEBUG net.nexxus.nntp.NntpClientV2 - authenticating
20:56:54.924 [main] DEBUG net.nexxus.nntp.NntpClientV2 - authenticated
20:56:55.106 [main] DEBUG net.nexxus.nntp.NntpClientV2 - xover response: 211 26221262 51232257 77453518 alt.binaries.drwho
20:56:55.107 [main] DEBUG net.nexxus.nntp.NntpClientV2 - downloading article id: 61650906
20:56:56.081 [main] DEBUG net.nexxus.nntp.NntpClientV2 - failed retrieving article using ID
20:56:56.081 [main] DEBUG net.nexxus.nntp.NntpClientV2 - attempting to retrieve article using MSGID
20:56:57.034 [main] DEBUG net.nexxus.nntp.NntpClientV2 - msgid response was: 430 no such article
20:56:57.034 [main] ERROR net.nexxus.nntp.NntpClientV2 - exception : net.nexxus.nntp.NntpException: no such article
20:57:00.035 [main] ERROR tests.nntp.NntpClientV2Test - could not download article part: no such article
20:57:00.225 [main] DEBUG net.nexxus.nntp.NntpClientV2 - connection response was: 200 News.GigaNews.Com
20:57:00.225 [main] DEBUG net.nexxus.nntp.NntpClientV2 - authenticating
20:57:00.415 [main] DEBUG net.nexxus.nntp.NntpClientV2 - authenticated
20:57:00.590 [main] DEBUG net.nexxus.nntp.NntpClientV2 - xover response: 211 26221262 51232257 77453518 alt.binaries.drwho
20:57:00.590 [main] DEBUG net.nexxus.nntp.NntpClientV2 - downloading article id: 61650911
20:57:01.651 [main] DEBUG net.nexxus.nntp.NntpClientV2 - failed retrieving article using ID
20:57:01.651 [main] DEBUG net.nexxus.nntp.NntpClientV2 - attempting to retrieve article using MSGID
20:57:02.609 [main] DEBUG net.nexxus.nntp.NntpClientV2 - msgid response was: 430 no such article
20:57:02.609 [main] ERROR net.nexxus.nntp.NntpClientV2 - exception : net.nexxus.nntp.NntpException: no such article
20:57:05.611 [main] ERROR tests.nntp.NntpClientV2Test - could not download article part: no such article
20:57:05.801 [main] DEBUG net.nexxus.nntp.NntpClientV2 - connection response was: 200 News.GigaNews.Com
20:57:05.801 [main] DEBUG net.nexxus.nntp.NntpClientV2 - authenticating
20:57:05.984 [main] DEBUG net.nexxus.nntp.NntpClientV2 - authenticated
20:57:06.159 [main] DEBUG net.nexxus.nntp.NntpClientV2 - xover response: 211 26221262 51232257 77453518 alt.binaries.drwho
20:57:06.159 [main] DEBUG net.nexxus.nntp.NntpClientV2 - downloading article id: 61650914
20:57:07.948 [main] DEBUG net.nexxus.nntp.NntpClientV2 - connection response was: 200 News.GigaNews.Com
20:57:07.948 [main] DEBUG net.nexxus.nntp.NntpClientV2 - authenticating
20:57:08.144 [main] DEBUG net.nexxus.nntp.NntpClientV2 - authenticated
20:57:08.331 [main] DEBUG net.nexxus.nntp.NntpClientV2 - xover response: 211 26221262 51232257 77453518 alt.binaries.drwho
20:57:08.331 [main] DEBUG net.nexxus.nntp.NntpClientV2 - downloading article id: 61650917
20:57:09.534 [main] DEBUG net.nexxus.nntp.NntpClientV2 - failed retrieving article using ID
20:57:09.534 [main] DEBUG net.nexxus.nntp.NntpClientV2 - attempting to retrieve article using MSGID
20:57:10.482 [main] DEBUG net.nexxus.nntp.NntpClientV2 - msgid response was: 430 no such article
20:57:10.482 [main] ERROR net.nexxus.nntp.NntpClientV2 - exception : net.nexxus.nntp.NntpException: no such article
20:57:13.484 [main] ERROR tests.nntp.NntpClientV2Test - could not download article part: no such article
20:57:13.677 [main] DEBUG net.nexxus.nntp.NntpClientV2 - connection response was: 200 News.GigaNews.Com
20:57:13.677 [main] DEBUG net.nexxus.nntp.NntpClientV2 - authenticating
20:57:13.855 [main] DEBUG net.nexxus.nntp.NntpClientV2 - authenticated
20:57:14.036 [main] DEBUG net.nexxus.nntp.NntpClientV2 - xover response: 211 26221262 51232257 77453518 alt.binaries.drwho
20:57:14.036 [main] DEBUG net.nexxus.nntp.NntpClientV2 - downloading article id: 61650918
20:57:15.862 [main] DEBUG net.nexxus.nntp.NntpClientV2 - connection response was: 200 News.GigaNews.Com
20:57:15.862 [main] DEBUG net.nexxus.nntp.NntpClientV2 - authenticating
20:57:16.049 [main] DEBUG net.nexxus.nntp.NntpClientV2 - authenticated
20:57:16.232 [main] DEBUG net.nexxus.nntp.NntpClientV2 - xover response: 211 26221262 51232257 77453518 alt.binaries.drwho
20:57:16.233 [main] DEBUG net.nexxus.nntp.NntpClientV2 - downloading article id: 61650923
20:57:17.228 [main] DEBUG net.nexxus.nntp.NntpClientV2 - failed retrieving article using ID
20:57:17.228 [main] DEBUG net.nexxus.nntp.NntpClientV2 - attempting to retrieve article using MSGID
20:57:18.181 [main] DEBUG net.nexxus.nntp.NntpClientV2 - msgid response was: 430 no such article
20:57:18.181 [main] ERROR net.nexxus.nntp.NntpClientV2 - exception : net.nexxus.nntp.NntpException: no such article
20:57:21.182 [main] ERROR tests.nntp.NntpClientV2Test - could not download article part: no such article
20:57:21.383 [main] DEBUG net.nexxus.nntp.NntpClientV2 - connection response was: 200 News.GigaNews.Com
20:57:21.384 [main] DEBUG net.nexxus.nntp.NntpClientV2 - authenticating
20:57:21.569 [main] DEBUG net.nexxus.nntp.NntpClientV2 - authenticated
20:57:21.752 [main] DEBUG net.nexxus.nntp.NntpClientV2 - xover response: 211 26221262 51232257 77453518 alt.binaries.drwho
20:57:21.753 [main] DEBUG net.nexxus.nntp.NntpClientV2 - downloading article id: 61650928
20:57:23.439 [main] DEBUG net.nexxus.nntp.NntpClientV2 - connection response was: 200 News.GigaNews.Com
20:57:23.439 [main] DEBUG net.nexxus.nntp.NntpClientV2 - authenticating
20:57:23.632 [main] DEBUG net.nexxus.nntp.NntpClientV2 - authenticated
20:57:23.849 [main] DEBUG net.nexxus.nntp.NntpClientV2 - xover response: 211 26221262 51232257 77453518 alt.binaries.drwho
20:57:23.850 [main] DEBUG net.nexxus.nntp.NntpClientV2 - downloading article id: 61650929
20:57:25.651 [main] DEBUG net.nexxus.nntp.NntpClientV2 - connection response was: 200 News.GigaNews.Com
20:57:25.651 [main] DEBUG net.nexxus.nntp.NntpClientV2 - authenticating
20:57:25.842 [main] DEBUG net.nexxus.nntp.NntpClientV2 - authenticated
20:57:26.045 [main] DEBUG net.nexxus.nntp.NntpClientV2 - xover response: 211 26221262 51232257 77453518 alt.binaries.drwho
20:57:26.046 [main] DEBUG net.nexxus.nntp.NntpClientV2 - downloading article id: 61650932
20:57:27.641 [main] DEBUG net.nexxus.nntp.NntpClientV2 - connection response was: 200 News.GigaNews.Com
20:57:27.641 [main] DEBUG net.nexxus.nntp.NntpClientV2 - authenticating
20:57:27.828 [main] DEBUG net.nexxus.nntp.NntpClientV2 - authenticated
20:57:28.005 [main] DEBUG net.nexxus.nntp.NntpClientV2 - xover response: 211 26221262 51232257 77453518 alt.binaries.drwho
20:57:28.005 [main] DEBUG net.nexxus.nntp.NntpClientV2 - downloading article id: 61650933
20:57:29.693 [main] DEBUG net.nexxus.nntp.NntpClientV2 - connection response was: 200 News.GigaNews.Com
20:57:29.693 [main] DEBUG net.nexxus.nntp.NntpClientV2 - authenticating
20:57:29.887 [main] DEBUG net.nexxus.nntp.NntpClientV2 - authenticated
20:57:30.070 [main] DEBUG net.nexxus.nntp.NntpClientV2 - xover response: 211 26221262 51232257 77453518 alt.binaries.drwho
20:57:30.070 [main] DEBUG net.nexxus.nntp.NntpClientV2 - downloading article id: 61650937
20:57:31.955 [main] DEBUG net.nexxus.nntp.NntpClientV2 - connection response was: 200 News.GigaNews.Com
20:57:31.955 [main] DEBUG net.nexxus.nntp.NntpClientV2 - authenticating
20:57:32.155 [main] DEBUG net.nexxus.nntp.NntpClientV2 - authenticated
20:57:32.344 [main] DEBUG net.nexxus.nntp.NntpClientV2 - xover response: 211 26221262 51232257 77453518 alt.binaries.drwho
20:57:32.345 [main] DEBUG net.nexxus.nntp.NntpClientV2 - downloading article id: 61650941
20:57:34.186 [main] DEBUG net.nexxus.nntp.NntpClientV2 - connection response was: 200 News.GigaNews.Com
20:57:34.186 [main] DEBUG net.nexxus.nntp.NntpClientV2 - authenticating
20:57:34.384 [main] DEBUG net.nexxus.nntp.NntpClientV2 - authenticated
20:57:34.566 [main] DEBUG net.nexxus.nntp.NntpClientV2 - xover response: 211 26221262 51232257 77453518 alt.binaries.drwho
20:57:34.567 [main] DEBUG net.nexxus.nntp.NntpClientV2 - downloading article id: 61650948
20:57:36.355 [main] DEBUG net.nexxus.nntp.NntpClientV2 - connection response was: 200 News.GigaNews.Com
20:57:36.356 [main] DEBUG net.nexxus.nntp.NntpClientV2 - authenticating
20:57:36.538 [main] DEBUG net.nexxus.nntp.NntpClientV2 - authenticated
20:57:36.713 [main] DEBUG net.nexxus.nntp.NntpClientV2 - xover response: 211 26221262 51232257 77453518 alt.binaries.drwho
20:57:36.714 [main] DEBUG net.nexxus.nntp.NntpClientV2 - downloading article id: 61650945
20:57:37.852 [main] DEBUG net.nexxus.nntp.NntpClientV2 - failed retrieving article using ID
20:57:37.852 [main] DEBUG net.nexxus.nntp.NntpClientV2 - attempting to retrieve article using MSGID
20:57:38.800 [main] DEBUG net.nexxus.nntp.NntpClientV2 - msgid response was: 430 no such article
20:57:38.800 [main] ERROR net.nexxus.nntp.NntpClientV2 - exception : net.nexxus.nntp.NntpException: no such article
20:57:41.802 [main] ERROR tests.nntp.NntpClientV2Test - could not download article part: no such article
20:57:41.980 [main] DEBUG net.nexxus.nntp.NntpClientV2 - connection response was: 200 News.GigaNews.Com
20:57:41.980 [main] DEBUG net.nexxus.nntp.NntpClientV2 - authenticating
20:57:42.164 [main] DEBUG net.nexxus.nntp.NntpClientV2 - authenticated
20:57:42.335 [main] DEBUG net.nexxus.nntp.NntpClientV2 - xover response: 211 26221262 51232257 77453518 alt.binaries.drwho
20:57:42.335 [main] DEBUG net.nexxus.nntp.NntpClientV2 - downloading article id: 61650949
20:57:44.030 [main] DEBUG net.nexxus.nntp.NntpClientV2 - connection response was: 200 News.GigaNews.Com
20:57:44.030 [main] DEBUG net.nexxus.nntp.NntpClientV2 - authenticating
20:57:44.225 [main] DEBUG net.nexxus.nntp.NntpClientV2 - authenticated
20:57:44.417 [main] DEBUG net.nexxus.nntp.NntpClientV2 - xover response: 211 26221262 51232257 77453518 alt.binaries.drwho
20:57:44.418 [main] DEBUG net.nexxus.nntp.NntpClientV2 - downloading article id: 61650954
20:57:46.362 [main] DEBUG net.nexxus.nntp.NntpClientV2 - connection response was: 200 News.GigaNews.Com
20:57:46.362 [main] DEBUG net.nexxus.nntp.NntpClientV2 - authenticating
20:57:46.550 [main] DEBUG net.nexxus.nntp.NntpClientV2 - authenticated
20:57:46.733 [main] DEBUG net.nexxus.nntp.NntpClientV2 - xover response: 211 26221262 51232257 77453518 alt.binaries.drwho
20:57:46.733 [main] DEBUG net.nexxus.nntp.NntpClientV2 - downloading article id: 61650957
20:57:47.695 [main] DEBUG net.nexxus.nntp.NntpClientV2 - failed retrieving article using ID
20:57:47.696 [main] DEBUG net.nexxus.nntp.NntpClientV2 - attempting to retrieve article using MSGID
20:57:48.645 [main] DEBUG net.nexxus.nntp.NntpClientV2 - msgid response was: 430 no such article
20:57:48.645 [main] ERROR net.nexxus.nntp.NntpClientV2 - exception : net.nexxus.nntp.NntpException: no such article
20:57:51.648 [main] ERROR tests.nntp.NntpClientV2Test - could not download article part: no such article
20:57:51.855 [main] DEBUG net.nexxus.nntp.NntpClientV2 - connection response was: 200 News.GigaNews.Com
20:57:51.856 [main] DEBUG net.nexxus.nntp.NntpClientV2 - authenticating
20:57:52.045 [main] DEBUG net.nexxus.nntp.NntpClientV2 - authenticated
20:57:52.220 [main] DEBUG net.nexxus.nntp.NntpClientV2 - xover response: 211 26221262 51232257 77453518 alt.binaries.drwho
20:57:52.221 [main] DEBUG net.nexxus.nntp.NntpClientV2 - downloading article id: 61650953
20:57:53.225 [main] DEBUG tests.BaseTest - in before
20:57:53.540 [main] DEBUG net.nexxus.nntp.NntpClientV2 - connection response was: 200 News.GigaNews.Com
20:57:53.541 [main] DEBUG net.nexxus.nntp.NntpClientV2 - authenticating
20:57:53.725 [main] DEBUG net.nexxus.nntp.NntpClientV2 - authenticated
------------- ---------------- ---------------
------------- Standard Error -----------------
SLF4J: Class path contains multiple SLF4J bindings.
SLF4J: Found binding in [jar:file:/home/fury/work/javit/lib/log4j-slf4j-impl-2.4.1.jar!/org/slf4j/impl/StaticLoggerBinder.class]
SLF4J: Found binding in [jar:file:/home/fury/work/javit/lib/slf4j-log4j12-1.7.12.jar!/org/slf4j/impl/StaticLoggerBinder.class]
SLF4J: See http://www.slf4j.org/codes.html#multiple_bindings for an explanation.
SLF4J: Actual binding is of type [org.apache.logging.slf4j.Log4jLoggerFactory]
net.nexxus.nntp.NntpException: no such article
	at net.nexxus.nntp.NntpClientV2.responseCodeHandler(NntpClientV2.java:501)
	at net.nexxus.nntp.NntpClientV2.getArticleBody(NntpClientV2.java:701)
	at tests.nntp.NntpClientV2Test.testGetSpecificArticle(NntpClientV2Test.java:159)
	at sun.reflect.NativeMethodAccessorImpl.invoke0(Native Method)
	at sun.reflect.NativeMethodAccessorImpl.invoke(NativeMethodAccessorImpl.java:57)
	at sun.reflect.DelegatingMethodAccessorImpl.invoke(DelegatingMethodAccessorImpl.java:43)
	at java.lang.reflect.Method.invoke(Method.java:606)
	at org.junit.runners.model.FrameworkMethod$1.runReflectiveCall(FrameworkMethod.java:45)
	at org.junit.internal.runners.model.ReflectiveCallable.run(ReflectiveCallable.java:15)
	at org.junit.runners.model.FrameworkMethod.invokeExplosively(FrameworkMethod.java:42)
	at org.junit.internal.runners.statements.InvokeMethod.evaluate(InvokeMethod.java:20)
	at org.junit.internal.runners.statements.RunBefores.evaluate(RunBefores.java:28)
	at org.junit.runners.ParentRunner.runLeaf(ParentRunner.java:263)
	at org.junit.runners.BlockJUnit4ClassRunner.runChild(BlockJUnit4ClassRunner.java:68)
	at org.junit.runners.BlockJUnit4ClassRunner.runChild(BlockJUnit4ClassRunner.java:47)
	at org.junit.runners.ParentRunner$3.run(ParentRunner.java:231)
	at org.junit.runners.ParentRunner$1.schedule(ParentRunner.java:60)
	at org.junit.runners.ParentRunner.runChildren(ParentRunner.java:229)
	at org.junit.runners.ParentRunner.access$000(ParentRunner.java:50)
	at org.junit.runners.ParentRunner$2.evaluate(ParentRunner.java:222)
	at org.junit.runners.ParentRunner.run(ParentRunner.java:300)
	at junit.framework.JUnit4TestAdapter.run(JUnit4TestAdapter.java:39)
	at org.apache.tools.ant.taskdefs.optional.junit.JUnitTestRunner.run(JUnitTestRunner.java:532)
	at org.apache.tools.ant.taskdefs.optional.junit.JUnitTestRunner.launch(JUnitTestRunner.java:1179)
	at org.apache.tools.ant.taskdefs.optional.junit.JUnitTestRunner.main(JUnitTestRunner.java:1030)
net.nexxus.nntp.NntpException: no such article
	at net.nexxus.nntp.NntpClientV2.responseCodeHandler(NntpClientV2.java:501)
	at net.nexxus.nntp.NntpClientV2.getArticleBody(NntpClientV2.java:701)
	at tests.nntp.NntpClientV2Test.testGetSpecificArticle(NntpClientV2Test.java:159)
	at sun.reflect.NativeMethodAccessorImpl.invoke0(Native Method)
	at sun.reflect.NativeMethodAccessorImpl.invoke(NativeMethodAccessorImpl.java:57)
	at sun.reflect.DelegatingMethodAccessorImpl.invoke(DelegatingMethodAccessorImpl.java:43)
	at java.lang.reflect.Method.invoke(Method.java:606)
	at org.junit.runners.model.FrameworkMethod$1.runReflectiveCall(FrameworkMethod.java:45)
	at org.junit.internal.runners.model.ReflectiveCallable.run(ReflectiveCallable.java:15)
	at org.junit.runners.model.FrameworkMethod.invokeExplosively(FrameworkMethod.java:42)
	at org.junit.internal.runners.statements.InvokeMethod.evaluate(InvokeMethod.java:20)
	at org.junit.internal.runners.statements.RunBefores.evaluate(RunBefores.java:28)
	at org.junit.runners.ParentRunner.runLeaf(ParentRunner.java:263)
	at org.junit.runners.BlockJUnit4ClassRunner.runChild(BlockJUnit4ClassRunner.java:68)
	at org.junit.runners.BlockJUnit4ClassRunner.runChild(BlockJUnit4ClassRunner.java:47)
	at org.junit.runners.ParentRunner$3.run(ParentRunner.java:231)
	at org.junit.runners.ParentRunner$1.schedule(ParentRunner.java:60)
	at org.junit.runners.ParentRunner.runChildren(ParentRunner.java:229)
	at org.junit.runners.ParentRunner.access$000(ParentRunner.java:50)
	at org.junit.runners.ParentRunner$2.evaluate(ParentRunner.java:222)
	at org.junit.runners.ParentRunner.run(ParentRunner.java:300)
	at junit.framework.JUnit4TestAdapter.run(JUnit4TestAdapter.java:39)
	at org.apache.tools.ant.taskdefs.optional.junit.JUnitTestRunner.run(JUnitTestRunner.java:532)
	at org.apache.tools.ant.taskdefs.optional.junit.JUnitTestRunner.launch(JUnitTestRunner.java:1179)
	at org.apache.tools.ant.taskdefs.optional.junit.JUnitTestRunner.main(JUnitTestRunner.java:1030)
net.nexxus.nntp.NntpException: no such article
	at net.nexxus.nntp.NntpClientV2.responseCodeHandler(NntpClientV2.java:501)
	at net.nexxus.nntp.NntpClientV2.getArticleBody(NntpClientV2.java:701)
	at tests.nntp.NntpClientV2Test.testGetSpecificArticle(NntpClientV2Test.java:159)
	at sun.reflect.NativeMethodAccessorImpl.invoke0(Native Method)
	at sun.reflect.NativeMethodAccessorImpl.invoke(NativeMethodAccessorImpl.java:57)
	at sun.reflect.DelegatingMethodAccessorImpl.invoke(DelegatingMethodAccessorImpl.java:43)
	at java.lang.reflect.Method.invoke(Method.java:606)
	at org.junit.runners.model.FrameworkMethod$1.runReflectiveCall(FrameworkMethod.java:45)
	at org.junit.internal.runners.model.ReflectiveCallable.run(ReflectiveCallable.java:15)
	at org.junit.runners.model.FrameworkMethod.invokeExplosively(FrameworkMethod.java:42)
	at org.junit.internal.runners.statements.InvokeMethod.evaluate(InvokeMethod.java:20)
	at org.junit.internal.runners.statements.RunBefores.evaluate(RunBefores.java:28)
	at org.junit.runners.ParentRunner.runLeaf(ParentRunner.java:263)
	at org.junit.runners.BlockJUnit4ClassRunner.runChild(BlockJUnit4ClassRunner.java:68)
	at org.junit.runners.BlockJUnit4ClassRunner.runChild(BlockJUnit4ClassRunner.java:47)
	at org.junit.runners.ParentRunner$3.run(ParentRunner.java:231)
	at org.junit.runners.ParentRunner$1.schedule(ParentRunner.java:60)
	at org.junit.runners.ParentRunner.runChildren(ParentRunner.java:229)
	at org.junit.runners.ParentRunner.access$000(ParentRunner.java:50)
	at org.junit.runners.ParentRunner$2.evaluate(ParentRunner.java:222)
	at org.junit.runners.ParentRunner.run(ParentRunner.java:300)
	at junit.framework.JUnit4TestAdapter.run(JUnit4TestAdapter.java:39)
	at org.apache.tools.ant.taskdefs.optional.junit.JUnitTestRunner.run(JUnitTestRunner.java:532)
	at org.apache.tools.ant.taskdefs.optional.junit.JUnitTestRunner.launch(JUnitTestRunner.java:1179)
	at org.apache.tools.ant.taskdefs.optional.junit.JUnitTestRunner.main(JUnitTestRunner.java:1030)
net.nexxus.nntp.NntpException: no such article
	at net.nexxus.nntp.NntpClientV2.responseCodeHandler(NntpClientV2.java:501)
	at net.nexxus.nntp.NntpClientV2.getArticleBody(NntpClientV2.java:701)
	at tests.nntp.NntpClientV2Test.testGetSpecificArticle(NntpClientV2Test.java:159)
	at sun.reflect.NativeMethodAccessorImpl.invoke0(Native Method)
	at sun.reflect.NativeMethodAccessorImpl.invoke(NativeMethodAccessorImpl.java:57)
	at sun.reflect.DelegatingMethodAccessorImpl.invoke(DelegatingMethodAccessorImpl.java:43)
	at java.lang.reflect.Method.invoke(Method.java:606)
	at org.junit.runners.model.FrameworkMethod$1.runReflectiveCall(FrameworkMethod.java:45)
	at org.junit.internal.runners.model.ReflectiveCallable.run(ReflectiveCallable.java:15)
	at org.junit.runners.model.FrameworkMethod.invokeExplosively(FrameworkMethod.java:42)
	at org.junit.internal.runners.statements.InvokeMethod.evaluate(InvokeMethod.java:20)
	at org.junit.internal.runners.statements.RunBefores.evaluate(RunBefores.java:28)
	at org.junit.runners.ParentRunner.runLeaf(ParentRunner.java:263)
	at org.junit.runners.BlockJUnit4ClassRunner.runChild(BlockJUnit4ClassRunner.java:68)
	at org.junit.runners.BlockJUnit4ClassRunner.runChild(BlockJUnit4ClassRunner.java:47)
	at org.junit.runners.ParentRunner$3.run(ParentRunner.java:231)
	at org.junit.runners.ParentRunner$1.schedule(ParentRunner.java:60)
	at org.junit.runners.ParentRunner.runChildren(ParentRunner.java:229)
	at org.junit.runners.ParentRunner.access$000(ParentRunner.java:50)
	at org.junit.runners.ParentRunner$2.evaluate(ParentRunner.java:222)
	at org.junit.runners.ParentRunner.run(ParentRunner.java:300)
	at junit.framework.JUnit4TestAdapter.run(JUnit4TestAdapter.java:39)
	at org.apache.tools.ant.taskdefs.optional.junit.JUnitTestRunner.run(JUnitTestRunner.java:532)
	at org.apache.tools.ant.taskdefs.optional.junit.JUnitTestRunner.launch(JUnitTestRunner.java:1179)
	at org.apache.tools.ant.taskdefs.optional.junit.JUnitTestRunner.main(JUnitTestRunner.java:1030)
net.nexxus.nntp.NntpException: no such article
	at net.nexxus.nntp.NntpClientV2.responseCodeHandler(NntpClientV2.java:501)
	at net.nexxus.nntp.NntpClientV2.getArticleBody(NntpClientV2.java:701)
	at tests.nntp.NntpClientV2Test.testGetSpecificArticle(NntpClientV2Test.java:159)
	at sun.reflect.NativeMethodAccessorImpl.invoke0(Native Method)
	at sun.reflect.NativeMethodAccessorImpl.invoke(NativeMethodAccessorImpl.java:57)
	at sun.reflect.DelegatingMethodAccessorImpl.invoke(DelegatingMethodAccessorImpl.java:43)
	at java.lang.reflect.Method.invoke(Method.java:606)
	at org.junit.runners.model.FrameworkMethod$1.runReflectiveCall(FrameworkMethod.java:45)
	at org.junit.internal.runners.model.ReflectiveCallable.run(ReflectiveCallable.java:15)
	at org.junit.runners.model.FrameworkMethod.invokeExplosively(FrameworkMethod.java:42)
	at org.junit.internal.runners.statements.InvokeMethod.evaluate(InvokeMethod.java:20)
	at org.junit.internal.runners.statements.RunBefores.evaluate(RunBefores.java:28)
	at org.junit.runners.ParentRunner.runLeaf(ParentRunner.java:263)
	at org.junit.runners.BlockJUnit4ClassRunner.runChild(BlockJUnit4ClassRunner.java:68)
	at org.junit.runners.BlockJUnit4ClassRunner.runChild(BlockJUnit4ClassRunner.java:47)
	at org.junit.runners.ParentRunner$3.run(ParentRunner.java:231)
	at org.junit.runners.ParentRunner$1.schedule(ParentRunner.java:60)
	at org.junit.runners.ParentRunner.runChildren(ParentRunner.java:229)
	at org.junit.runners.ParentRunner.access$000(ParentRunner.java:50)
	at org.junit.runners.ParentRunner$2.evaluate(ParentRunner.java:222)
	at org.junit.runners.ParentRunner.run(ParentRunner.java:300)
	at junit.framework.JUnit4TestAdapter.run(JUnit4TestAdapter.java:39)
	at org.apache.tools.ant.taskdefs.optional.junit.JUnitTestRunner.run(JUnitTestRunner.java:532)
	at org.apache.tools.ant.taskdefs.optional.junit.JUnitTestRunner.launch(JUnitTestRunner.java:1179)
	at org.apache.tools.ant.taskdefs.optional.junit.JUnitTestRunner.main(JUnitTestRunner.java:1030)
net.nexxus.nntp.NntpException: no such article
	at net.nexxus.nntp.NntpClientV2.responseCodeHandler(NntpClientV2.java:501)
	at net.nexxus.nntp.NntpClientV2.getArticleBody(NntpClientV2.java:701)
	at tests.nntp.NntpClientV2Test.testGetSpecificArticle(NntpClientV2Test.java:159)
	at sun.reflect.NativeMethodAccessorImpl.invoke0(Native Method)
	at sun.reflect.NativeMethodAccessorImpl.invoke(NativeMethodAccessorImpl.java:57)
	at sun.reflect.DelegatingMethodAccessorImpl.invoke(DelegatingMethodAccessorImpl.java:43)
	at java.lang.reflect.Method.invoke(Method.java:606)
	at org.junit.runners.model.FrameworkMethod$1.runReflectiveCall(FrameworkMethod.java:45)
	at org.junit.internal.runners.model.ReflectiveCallable.run(ReflectiveCallable.java:15)
	at org.junit.runners.model.FrameworkMethod.invokeExplosively(FrameworkMethod.java:42)
	at org.junit.internal.runners.statements.InvokeMethod.evaluate(InvokeMethod.java:20)
	at org.junit.internal.runners.statements.RunBefores.evaluate(RunBefores.java:28)
	at org.junit.runners.ParentRunner.runLeaf(ParentRunner.java:263)
	at org.junit.runners.BlockJUnit4ClassRunner.runChild(BlockJUnit4ClassRunner.java:68)
	at org.junit.runners.BlockJUnit4ClassRunner.runChild(BlockJUnit4ClassRunner.java:47)
	at org.junit.runners.ParentRunner$3.run(ParentRunner.java:231)
	at org.junit.runners.ParentRunner$1.schedule(ParentRunner.java:60)
	at org.junit.runners.ParentRunner.runChildren(ParentRunner.java:229)
	at org.junit.runners.ParentRunner.access$000(ParentRunner.java:50)
	at org.junit.runners.ParentRunner$2.evaluate(ParentRunner.java:222)
	at org.junit.runners.ParentRunner.run(ParentRunner.java:300)
	at junit.framework.JUnit4TestAdapter.run(JUnit4TestAdapter.java:39)
	at org.apache.tools.ant.taskdefs.optional.junit.JUnitTestRunner.run(JUnitTestRunner.java:532)
	at org.apache.tools.ant.taskdefs.optional.junit.JUnitTestRunner.launch(JUnitTestRunner.java:1179)
	at org.apache.tools.ant.taskdefs.optional.junit.JUnitTestRunner.main(JUnitTestRunner.java:1030)
net.nexxus.nntp.NntpException: no such article
	at net.nexxus.nntp.NntpClientV2.responseCodeHandler(NntpClientV2.java:501)
	at net.nexxus.nntp.NntpClientV2.getArticleBody(NntpClientV2.java:701)
	at tests.nntp.NntpClientV2Test.testGetSpecificArticle(NntpClientV2Test.java:159)
	at sun.reflect.NativeMethodAccessorImpl.invoke0(Native Method)
	at sun.reflect.NativeMethodAccessorImpl.invoke(NativeMethodAccessorImpl.java:57)
	at sun.reflect.DelegatingMethodAccessorImpl.invoke(DelegatingMethodAccessorImpl.java:43)
	at java.lang.reflect.Method.invoke(Method.java:606)
	at org.junit.runners.model.FrameworkMethod$1.runReflectiveCall(FrameworkMethod.java:45)
	at org.junit.internal.runners.model.ReflectiveCallable.run(ReflectiveCallable.java:15)
	at org.junit.runners.model.FrameworkMethod.invokeExplosively(FrameworkMethod.java:42)
	at org.junit.internal.runners.statements.InvokeMethod.evaluate(InvokeMethod.java:20)
	at org.junit.internal.runners.statements.RunBefores.evaluate(RunBefores.java:28)
	at org.junit.runners.ParentRunner.runLeaf(ParentRunner.java:263)
	at org.junit.runners.BlockJUnit4ClassRunner.runChild(BlockJUnit4ClassRunner.java:68)
	at org.junit.runners.BlockJUnit4ClassRunner.runChild(BlockJUnit4ClassRunner.java:47)
	at org.junit.runners.ParentRunner$3.run(ParentRunner.java:231)
	at org.junit.runners.ParentRunner$1.schedule(ParentRunner.java:60)
	at org.junit.runners.ParentRunner.runChildren(ParentRunner.java:229)
	at org.junit.runners.ParentRunner.access$000(ParentRunner.java:50)
	at org.junit.runners.ParentRunner$2.evaluate(ParentRunner.java:222)
	at org.junit.runners.ParentRunner.run(ParentRunner.java:300)
	at junit.framework.JUnit4TestAdapter.run(JUnit4TestAdapter.java:39)
	at org.apache.tools.ant.taskdefs.optional.junit.JUnitTestRunner.run(JUnitTestRunner.java:532)
	at org.apache.tools.ant.taskdefs.optional.junit.JUnitTestRunner.launch(JUnitTestRunner.java:1179)
	at org.apache.tools.ant.taskdefs.optional.junit.JUnitTestRunner.main(JUnitTestRunner.java:1030)
net.nexxus.nntp.NntpException: no such article
	at net.nexxus.nntp.NntpClientV2.responseCodeHandler(NntpClientV2.java:501)
	at net.nexxus.nntp.NntpClientV2.getArticleBody(NntpClientV2.java:701)
	at tests.nntp.NntpClientV2Test.testGetSpecificArticle(NntpClientV2Test.java:159)
	at sun.reflect.NativeMethodAccessorImpl.invoke0(Native Method)
	at sun.reflect.NativeMethodAccessorImpl.invoke(NativeMethodAccessorImpl.java:57)
	at sun.reflect.DelegatingMethodAccessorImpl.invoke(DelegatingMethodAccessorImpl.java:43)
	at java.lang.reflect.Method.invoke(Method.java:606)
	at org.junit.runners.model.FrameworkMethod$1.runReflectiveCall(FrameworkMethod.java:45)
	at org.junit.internal.runners.model.ReflectiveCallable.run(ReflectiveCallable.java:15)
	at org.junit.runners.model.FrameworkMethod.invokeExplosively(FrameworkMethod.java:42)
	at org.junit.internal.runners.statements.InvokeMethod.evaluate(InvokeMethod.java:20)
	at org.junit.internal.runners.statements.RunBefores.evaluate(RunBefores.java:28)
	at org.junit.runners.ParentRunner.runLeaf(ParentRunner.java:263)
	at org.junit.runners.BlockJUnit4ClassRunner.runChild(BlockJUnit4ClassRunner.java:68)
	at org.junit.runners.BlockJUnit4ClassRunner.runChild(BlockJUnit4ClassRunner.java:47)
	at org.junit.runners.ParentRunner$3.run(ParentRunner.java:231)
	at org.junit.runners.ParentRunner$1.schedule(ParentRunner.java:60)
	at org.junit.runners.ParentRunner.runChildren(ParentRunner.java:229)
	at org.junit.runners.ParentRunner.access$000(ParentRunner.java:50)
	at org.junit.runners.ParentRunner$2.evaluate(ParentRunner.java:222)
	at org.junit.runners.ParentRunner.run(ParentRunner.java:300)
	at junit.framework.JUnit4TestAdapter.run(JUnit4TestAdapter.java:39)
	at org.apache.tools.ant.taskdefs.optional.junit.JUnitTestRunner.run(JUnitTestRunner.java:532)
	at org.apache.tools.ant.taskdefs.optional.junit.JUnitTestRunner.launch(JUnitTestRunner.java:1179)
	at org.apache.tools.ant.taskdefs.optional.junit.JUnitTestRunner.main(JUnitTestRunner.java:1030)
net.nexxus.nntp.NntpException: no such article
	at net.nexxus.nntp.NntpClientV2.responseCodeHandler(NntpClientV2.java:501)
	at net.nexxus.nntp.NntpClientV2.getArticleBody(NntpClientV2.java:701)
	at tests.nntp.NntpClientV2Test.testGetSpecificArticle(NntpClientV2Test.java:159)
	at sun.reflect.NativeMethodAccessorImpl.invoke0(Native Method)
	at sun.reflect.NativeMethodAccessorImpl.invoke(NativeMethodAccessorImpl.java:57)
	at sun.reflect.DelegatingMethodAccessorImpl.invoke(DelegatingMethodAccessorImpl.java:43)
	at java.lang.reflect.Method.invoke(Method.java:606)
	at org.junit.runners.model.FrameworkMethod$1.runReflectiveCall(FrameworkMethod.java:45)
	at org.junit.internal.runners.model.ReflectiveCallable.run(ReflectiveCallable.java:15)
	at org.junit.runners.model.FrameworkMethod.invokeExplosively(FrameworkMethod.java:42)
	at org.junit.internal.runners.statements.InvokeMethod.evaluate(InvokeMethod.java:20)
	at org.junit.internal.runners.statements.RunBefores.evaluate(RunBefores.java:28)
	at org.junit.runners.ParentRunner.runLeaf(ParentRunner.java:263)
	at org.junit.runners.BlockJUnit4ClassRunner.runChild(BlockJUnit4ClassRunner.java:68)
	at org.junit.runners.BlockJUnit4ClassRunner.runChild(BlockJUnit4ClassRunner.java:47)
	at org.junit.runners.ParentRunner$3.run(ParentRunner.java:231)
	at org.junit.runners.ParentRunner$1.schedule(ParentRunner.java:60)
	at org.junit.runners.ParentRunner.runChildren(ParentRunner.java:229)
	at org.junit.runners.ParentRunner.access$000(ParentRunner.java:50)
	at org.junit.runners.ParentRunner$2.evaluate(ParentRunner.java:222)
	at org.junit.runners.ParentRunner.run(ParentRunner.java:300)
	at junit.framework.JUnit4TestAdapter.run(JUnit4TestAdapter.java:39)
	at org.apache.tools.ant.taskdefs.optional.junit.JUnitTestRunner.run(JUnitTestRunner.java:532)
	at org.apache.tools.ant.taskdefs.optional.junit.JUnitTestRunner.launch(JUnitTestRunner.java:1179)
	at org.apache.tools.ant.taskdefs.optional.junit.JUnitTestRunner.main(JUnitTestRunner.java:1030)
net.nexxus.nntp.NntpException: no such article
	at net.nexxus.nntp.NntpClientV2.responseCodeHandler(NntpClientV2.java:501)
	at net.nexxus.nntp.NntpClientV2.getArticleBody(NntpClientV2.java:701)
	at tests.nntp.NntpClientV2Test.testGetSpecificArticle(NntpClientV2Test.java:159)
	at sun.reflect.NativeMethodAccessorImpl.invoke0(Native Method)
	at sun.reflect.NativeMethodAccessorImpl.invoke(NativeMethodAccessorImpl.java:57)
	at sun.reflect.DelegatingMethodAccessorImpl.invoke(DelegatingMethodAccessorImpl.java:43)
	at java.lang.reflect.Method.invoke(Method.java:606)
	at org.junit.runners.model.FrameworkMethod$1.runReflectiveCall(FrameworkMethod.java:45)
	at org.junit.internal.runners.model.ReflectiveCallable.run(ReflectiveCallable.java:15)
	at org.junit.runners.model.FrameworkMethod.invokeExplosively(FrameworkMethod.java:42)
	at org.junit.internal.runners.statements.InvokeMethod.evaluate(InvokeMethod.java:20)
	at org.junit.internal.runners.statements.RunBefores.evaluate(RunBefores.java:28)
	at org.junit.runners.ParentRunner.runLeaf(ParentRunner.java:263)
	at org.junit.runners.BlockJUnit4ClassRunner.runChild(BlockJUnit4ClassRunner.java:68)
	at org.junit.runners.BlockJUnit4ClassRunner.runChild(BlockJUnit4ClassRunner.java:47)
	at org.junit.runners.ParentRunner$3.run(ParentRunner.java:231)
	at org.junit.runners.ParentRunner$1.schedule(ParentRunner.java:60)
	at org.junit.runners.ParentRunner.runChildren(ParentRunner.java:229)
	at org.junit.runners.ParentRunner.access$000(ParentRunner.java:50)
	at org.junit.runners.ParentRunner$2.evaluate(ParentRunner.java:222)
	at org.junit.runners.ParentRunner.run(ParentRunner.java:300)
	at junit.framework.JUnit4TestAdapter.run(JUnit4TestAdapter.java:39)
	at org.apache.tools.ant.taskdefs.optional.junit.JUnitTestRunner.run(JUnitTestRunner.java:532)
	at org.apache.tools.ant.taskdefs.optional.junit.JUnitTestRunner.launch(JUnitTestRunner.java:1179)
	at org.apache.tools.ant.taskdefs.optional.junit.JUnitTestRunner.main(JUnitTestRunner.java:1030)
net.nexxus.nntp.NntpException: no such article
	at net.nexxus.nntp.NntpClientV2.responseCodeHandler(NntpClientV2.java:501)
	at net.nexxus.nntp.NntpClientV2.getArticleBody(NntpClientV2.java:701)
	at tests.nntp.NntpClientV2Test.testGetSpecificArticle(NntpClientV2Test.java:159)
	at sun.reflect.NativeMethodAccessorImpl.invoke0(Native Method)
	at sun.reflect.NativeMethodAccessorImpl.invoke(NativeMethodAccessorImpl.java:57)
	at sun.reflect.DelegatingMethodAccessorImpl.invoke(DelegatingMethodAccessorImpl.java:43)
	at java.lang.reflect.Method.invoke(Method.java:606)
	at org.junit.runners.model.FrameworkMethod$1.runReflectiveCall(FrameworkMethod.java:45)
	at org.junit.internal.runners.model.ReflectiveCallable.run(ReflectiveCallable.java:15)
	at org.junit.runners.model.FrameworkMethod.invokeExplosively(FrameworkMethod.java:42)
	at org.junit.internal.runners.statements.InvokeMethod.evaluate(InvokeMethod.java:20)
	at org.junit.internal.runners.statements.RunBefores.evaluate(RunBefores.java:28)
	at org.junit.runners.ParentRunner.runLeaf(ParentRunner.java:263)
	at org.junit.runners.BlockJUnit4ClassRunner.runChild(BlockJUnit4ClassRunner.java:68)
	at org.junit.runners.BlockJUnit4ClassRunner.runChild(BlockJUnit4ClassRunner.java:47)
	at org.junit.runners.ParentRunner$3.run(ParentRunner.java:231)
	at org.junit.runners.ParentRunner$1.schedule(ParentRunner.java:60)
	at org.junit.runners.ParentRunner.runChildren(ParentRunner.java:229)
	at org.junit.runners.ParentRunner.access$000(ParentRunner.java:50)
	at org.junit.runners.ParentRunner$2.evaluate(ParentRunner.java:222)
	at org.junit.runners.ParentRunner.run(ParentRunner.java:300)
	at junit.framework.JUnit4TestAdapter.run(JUnit4TestAdapter.java:39)
	at org.apache.tools.ant.taskdefs.optional.junit.JUnitTestRunner.run(JUnitTestRunner.java:532)
	at org.apache.tools.ant.taskdefs.optional.junit.JUnitTestRunner.launch(JUnitTestRunner.java:1179)
	at org.apache.tools.ant.taskdefs.optional.junit.JUnitTestRunner.main(JUnitTestRunner.java:1030)
net.nexxus.nntp.NntpException: no such article
	at net.nexxus.nntp.NntpClientV2.responseCodeHandler(NntpClientV2.java:501)
	at net.nexxus.nntp.NntpClientV2.getArticleBody(NntpClientV2.java:701)
	at tests.nntp.NntpClientV2Test.testGetSpecificArticle(NntpClientV2Test.java:159)
	at sun.reflect.NativeMethodAccessorImpl.invoke0(Native Method)
	at sun.reflect.NativeMethodAccessorImpl.invoke(NativeMethodAccessorImpl.java:57)
	at sun.reflect.DelegatingMethodAccessorImpl.invoke(DelegatingMethodAccessorImpl.java:43)
	at java.lang.reflect.Method.invoke(Method.java:606)
	at org.junit.runners.model.FrameworkMethod$1.runReflectiveCall(FrameworkMethod.java:45)
	at org.junit.internal.runners.model.ReflectiveCallable.run(ReflectiveCallable.java:15)
	at org.junit.runners.model.FrameworkMethod.invokeExplosively(FrameworkMethod.java:42)
	at org.junit.internal.runners.statements.InvokeMethod.evaluate(InvokeMethod.java:20)
	at org.junit.internal.runners.statements.RunBefores.evaluate(RunBefores.java:28)
	at org.junit.runners.ParentRunner.runLeaf(ParentRunner.java:263)
	at org.junit.runners.BlockJUnit4ClassRunner.runChild(BlockJUnit4ClassRunner.java:68)
	at org.junit.runners.BlockJUnit4ClassRunner.runChild(BlockJUnit4ClassRunner.java:47)
	at org.junit.runners.ParentRunner$3.run(ParentRunner.java:231)
	at org.junit.runners.ParentRunner$1.schedule(ParentRunner.java:60)
	at org.junit.runners.ParentRunner.runChildren(ParentRunner.java:229)
	at org.junit.runners.ParentRunner.access$000(ParentRunner.java:50)
	at org.junit.runners.ParentRunner$2.evaluate(ParentRunner.java:222)
	at org.junit.runners.ParentRunner.run(ParentRunner.java:300)
	at junit.framework.JUnit4TestAdapter.run(JUnit4TestAdapter.java:39)
	at org.apache.tools.ant.taskdefs.optional.junit.JUnitTestRunner.run(JUnitTestRunner.java:532)
	at org.apache.tools.ant.taskdefs.optional.junit.JUnitTestRunner.launch(JUnitTestRunner.java:1179)
	at org.apache.tools.ant.taskdefs.optional.junit.JUnitTestRunner.main(JUnitTestRunner.java:1030)
net.nexxus.nntp.NntpException: no such article
	at net.nexxus.nntp.NntpClientV2.responseCodeHandler(NntpClientV2.java:501)
	at net.nexxus.nntp.NntpClientV2.getArticleBody(NntpClientV2.java:701)
	at tests.nntp.NntpClientV2Test.testGetSpecificArticle(NntpClientV2Test.java:159)
	at sun.reflect.NativeMethodAccessorImpl.invoke0(Native Method)
	at sun.reflect.NativeMethodAccessorImpl.invoke(NativeMethodAccessorImpl.java:57)
	at sun.reflect.DelegatingMethodAccessorImpl.invoke(DelegatingMethodAccessorImpl.java:43)
	at java.lang.reflect.Method.invoke(Method.java:606)
	at org.junit.runners.model.FrameworkMethod$1.runReflectiveCall(FrameworkMethod.java:45)
	at org.junit.internal.runners.model.ReflectiveCallable.run(ReflectiveCallable.java:15)
	at org.junit.runners.model.FrameworkMethod.invokeExplosively(FrameworkMethod.java:42)
	at org.junit.internal.runners.statements.InvokeMethod.evaluate(InvokeMethod.java:20)
	at org.junit.internal.runners.statements.RunBefores.evaluate(RunBefores.java:28)
	at org.junit.runners.ParentRunner.runLeaf(ParentRunner.java:263)
	at org.junit.runners.BlockJUnit4ClassRunner.runChild(BlockJUnit4ClassRunner.java:68)
	at org.junit.runners.BlockJUnit4ClassRunner.runChild(BlockJUnit4ClassRunner.java:47)
	at org.junit.runners.ParentRunner$3.run(ParentRunner.java:231)
	at org.junit.runners.ParentRunner$1.schedule(ParentRunner.java:60)
	at org.junit.runners.ParentRunner.runChildren(ParentRunner.java:229)
	at org.junit.runners.ParentRunner.access$000(ParentRunner.java:50)
	at org.junit.runners.ParentRunner$2.evaluate(ParentRunner.java:222)
	at org.junit.runners.ParentRunner.run(ParentRunner.java:300)
	at junit.framework.JUnit4TestAdapter.run(JUnit4TestAdapter.java:39)
	at org.apache.tools.ant.taskdefs.optional.junit.JUnitTestRunner.run(JUnitTestRunner.java:532)
	at org.apache.tools.ant.taskdefs.optional.junit.JUnitTestRunner.launch(JUnitTestRunner.java:1179)
	at org.apache.tools.ant.taskdefs.optional.junit.JUnitTestRunner.main(JUnitTestRunner.java:1030)
net.nexxus.nntp.NntpException: no such article
	at net.nexxus.nntp.NntpClientV2.responseCodeHandler(NntpClientV2.java:501)
	at net.nexxus.nntp.NntpClientV2.getArticleBody(NntpClientV2.java:701)
	at tests.nntp.NntpClientV2Test.testGetSpecificArticle(NntpClientV2Test.java:159)
	at sun.reflect.NativeMethodAccessorImpl.invoke0(Native Method)
	at sun.reflect.NativeMethodAccessorImpl.invoke(NativeMethodAccessorImpl.java:57)
	at sun.reflect.DelegatingMethodAccessorImpl.invoke(DelegatingMethodAccessorImpl.java:43)
	at java.lang.reflect.Method.invoke(Method.java:606)
	at org.junit.runners.model.FrameworkMethod$1.runReflectiveCall(FrameworkMethod.java:45)
	at org.junit.internal.runners.model.ReflectiveCallable.run(ReflectiveCallable.java:15)
	at org.junit.runners.model.FrameworkMethod.invokeExplosively(FrameworkMethod.java:42)
	at org.junit.internal.runners.statements.InvokeMethod.evaluate(InvokeMethod.java:20)
	at org.junit.internal.runners.statements.RunBefores.evaluate(RunBefores.java:28)
	at org.junit.runners.ParentRunner.runLeaf(ParentRunner.java:263)
	at org.junit.runners.BlockJUnit4ClassRunner.runChild(BlockJUnit4ClassRunner.java:68)
	at org.junit.runners.BlockJUnit4ClassRunner.runChild(BlockJUnit4ClassRunner.java:47)
	at org.junit.runners.ParentRunner$3.run(ParentRunner.java:231)
	at org.junit.runners.ParentRunner$1.schedule(ParentRunner.java:60)
	at org.junit.runners.ParentRunner.runChildren(ParentRunner.java:229)
	at org.junit.runners.ParentRunner.access$000(ParentRunner.java:50)
	at org.junit.runners.ParentRunner$2.evaluate(ParentRunner.java:222)
	at org.junit.runners.ParentRunner.run(ParentRunner.java:300)
	at junit.framework.JUnit4TestAdapter.run(JUnit4TestAdapter.java:39)
	at org.apache.tools.ant.taskdefs.optional.junit.JUnitTestRunner.run(JUnitTestRunner.java:532)
	at org.apache.tools.ant.taskdefs.optional.junit.JUnitTestRunner.launch(JUnitTestRunner.java:1179)
	at org.apache.tools.ant.taskdefs.optional.junit.JUnitTestRunner.main(JUnitTestRunner.java:1030)
net.nexxus.nntp.NntpException: no such article
	at net.nexxus.nntp.NntpClientV2.responseCodeHandler(NntpClientV2.java:501)
	at net.nexxus.nntp.NntpClientV2.getArticleBody(NntpClientV2.java:701)
	at tests.nntp.NntpClientV2Test.testGetSpecificArticle(NntpClientV2Test.java:159)
	at sun.reflect.NativeMethodAccessorImpl.invoke0(Native Method)
	at sun.reflect.NativeMethodAccessorImpl.invoke(NativeMethodAccessorImpl.java:57)
	at sun.reflect.DelegatingMethodAccessorImpl.invoke(DelegatingMethodAccessorImpl.java:43)
	at java.lang.reflect.Method.invoke(Method.java:606)
	at org.junit.runners.model.FrameworkMethod$1.runReflectiveCall(FrameworkMethod.java:45)
	at org.junit.internal.runners.model.ReflectiveCallable.run(ReflectiveCallable.java:15)
	at org.junit.runners.model.FrameworkMethod.invokeExplosively(FrameworkMethod.java:42)
	at org.junit.internal.runners.statements.InvokeMethod.evaluate(InvokeMethod.java:20)
	at org.junit.internal.runners.statements.RunBefores.evaluate(RunBefores.java:28)
	at org.junit.runners.ParentRunner.runLeaf(ParentRunner.java:263)
	at org.junit.runners.BlockJUnit4ClassRunner.runChild(BlockJUnit4ClassRunner.java:68)
	at org.junit.runners.BlockJUnit4ClassRunner.runChild(BlockJUnit4ClassRunner.java:47)
	at org.junit.runners.ParentRunner$3.run(ParentRunner.java:231)
	at org.junit.runners.ParentRunner$1.schedule(ParentRunner.java:60)
	at org.junit.runners.ParentRunner.runChildren(ParentRunner.java:229)
	at org.junit.runners.ParentRunner.access$000(ParentRunner.java:50)
	at org.junit.runners.ParentRunner$2.evaluate(ParentRunner.java:222)
	at org.junit.runners.ParentRunner.run(ParentRunner.java:300)
	at junit.framework.JUnit4TestAdapter.run(JUnit4TestAdapter.java:39)
	at org.apache.tools.ant.taskdefs.optional.junit.JUnitTestRunner.run(JUnitTestRunner.java:532)
	at org.apache.tools.ant.taskdefs.optional.junit.JUnitTestRunner.launch(JUnitTestRunner.java:1179)
	at org.apache.tools.ant.taskdefs.optional.junit.JUnitTestRunner.main(JUnitTestRunner.java:1030)
net.nexxus.nntp.NntpException: no such article
	at net.nexxus.nntp.NntpClientV2.responseCodeHandler(NntpClientV2.java:501)
	at net.nexxus.nntp.NntpClientV2.getArticleBody(NntpClientV2.java:701)
	at tests.nntp.NntpClientV2Test.testGetSpecificArticle(NntpClientV2Test.java:159)
	at sun.reflect.NativeMethodAccessorImpl.invoke0(Native Method)
	at sun.reflect.NativeMethodAccessorImpl.invoke(NativeMethodAccessorImpl.java:57)
	at sun.reflect.DelegatingMethodAccessorImpl.invoke(DelegatingMethodAccessorImpl.java:43)
	at java.lang.reflect.Method.invoke(Method.java:606)
	at org.junit.runners.model.FrameworkMethod$1.runReflectiveCall(FrameworkMethod.java:45)
	at org.junit.internal.runners.model.ReflectiveCallable.run(ReflectiveCallable.java:15)
	at org.junit.runners.model.FrameworkMethod.invokeExplosively(FrameworkMethod.java:42)
	at org.junit.internal.runners.statements.InvokeMethod.evaluate(InvokeMethod.java:20)
	at org.junit.internal.runners.statements.RunBefores.evaluate(RunBefores.java:28)
	at org.junit.runners.ParentRunner.runLeaf(ParentRunner.java:263)
	at org.junit.runners.BlockJUnit4ClassRunner.runChild(BlockJUnit4ClassRunner.java:68)
	at org.junit.runners.BlockJUnit4ClassRunner.runChild(BlockJUnit4ClassRunner.java:47)
	at org.junit.runners.ParentRunner$3.run(ParentRunner.java:231)
	at org.junit.runners.ParentRunner$1.schedule(ParentRunner.java:60)
	at org.junit.runners.ParentRunner.runChildren(ParentRunner.java:229)
	at org.junit.runners.ParentRunner.access$000(ParentRunner.java:50)
	at org.junit.runners.ParentRunner$2.evaluate(ParentRunner.java:222)
	at org.junit.runners.ParentRunner.run(ParentRunner.java:300)
	at junit.framework.JUnit4TestAdapter.run(JUnit4TestAdapter.java:39)
	at org.apache.tools.ant.taskdefs.optional.junit.JUnitTestRunner.run(JUnitTestRunner.java:532)
	at org.apache.tools.ant.taskdefs.optional.junit.JUnitTestRunner.launch(JUnitTestRunner.java:1179)
	at org.apache.tools.ant.taskdefs.optional.junit.JUnitTestRunner.main(JUnitTestRunner.java:1030)
net.nexxus.nntp.NntpException: no such article
	at net.nexxus.nntp.NntpClientV2.responseCodeHandler(NntpClientV2.java:501)
	at net.nexxus.nntp.NntpClientV2.getArticleBody(NntpClientV2.java:701)
	at tests.nntp.NntpClientV2Test.testGetSpecificArticle(NntpClientV2Test.java:159)
	at sun.reflect.NativeMethodAccessorImpl.invoke0(Native Method)
	at sun.reflect.NativeMethodAccessorImpl.invoke(NativeMethodAccessorImpl.java:57)
	at sun.reflect.DelegatingMethodAccessorImpl.invoke(DelegatingMethodAccessorImpl.java:43)
	at java.lang.reflect.Method.invoke(Method.java:606)
	at org.junit.runners.model.FrameworkMethod$1.runReflectiveCall(FrameworkMethod.java:45)
	at org.junit.internal.runners.model.ReflectiveCallable.run(ReflectiveCallable.java:15)
	at org.junit.runners.model.FrameworkMethod.invokeExplosively(FrameworkMethod.java:42)
	at org.junit.internal.runners.statements.InvokeMethod.evaluate(InvokeMethod.java:20)
	at org.junit.internal.runners.statements.RunBefores.evaluate(RunBefores.java:28)
	at org.junit.runners.ParentRunner.runLeaf(ParentRunner.java:263)
	at org.junit.runners.BlockJUnit4ClassRunner.runChild(BlockJUnit4ClassRunner.java:68)
	at org.junit.runners.BlockJUnit4ClassRunner.runChild(BlockJUnit4ClassRunner.java:47)
	at org.junit.runners.ParentRunner$3.run(ParentRunner.java:231)
	at org.junit.runners.ParentRunner$1.schedule(ParentRunner.java:60)
	at org.junit.runners.ParentRunner.runChildren(ParentRunner.java:229)
	at org.junit.runners.ParentRunner.access$000(ParentRunner.java:50)
	at org.junit.runners.ParentRunner$2.evaluate(ParentRunner.java:222)
	at org.junit.runners.ParentRunner.run(ParentRunner.java:300)
	at junit.framework.JUnit4TestAdapter.run(JUnit4TestAdapter.java:39)
	at org.apache.tools.ant.taskdefs.optional.junit.JUnitTestRunner.run(JUnitTestRunner.java:532)
	at org.apache.tools.ant.taskdefs.optional.junit.JUnitTestRunner.launch(JUnitTestRunner.java:1179)
	at org.apache.tools.ant.taskdefs.optional.junit.JUnitTestRunner.main(JUnitTestRunner.java:1030)
net.nexxus.nntp.NntpException: no such article
	at net.nexxus.nntp.NntpClientV2.responseCodeHandler(NntpClientV2.java:501)
	at net.nexxus.nntp.NntpClientV2.getArticleBody(NntpClientV2.java:701)
	at tests.nntp.NntpClientV2Test.testGetSpecificArticle(NntpClientV2Test.java:159)
	at sun.reflect.NativeMethodAccessorImpl.invoke0(Native Method)
	at sun.reflect.NativeMethodAccessorImpl.invoke(NativeMethodAccessorImpl.java:57)
	at sun.reflect.DelegatingMethodAccessorImpl.invoke(DelegatingMethodAccessorImpl.java:43)
	at java.lang.reflect.Method.invoke(Method.java:606)
	at org.junit.runners.model.FrameworkMethod$1.runReflectiveCall(FrameworkMethod.java:45)
	at org.junit.internal.runners.model.ReflectiveCallable.run(ReflectiveCallable.java:15)
	at org.junit.runners.model.FrameworkMethod.invokeExplosively(FrameworkMethod.java:42)
	at org.junit.internal.runners.statements.InvokeMethod.evaluate(InvokeMethod.java:20)
	at org.junit.internal.runners.statements.RunBefores.evaluate(RunBefores.java:28)
	at org.junit.runners.ParentRunner.runLeaf(ParentRunner.java:263)
	at org.junit.runners.BlockJUnit4ClassRunner.runChild(BlockJUnit4ClassRunner.java:68)
	at org.junit.runners.BlockJUnit4ClassRunner.runChild(BlockJUnit4ClassRunner.java:47)
	at org.junit.runners.ParentRunner$3.run(ParentRunner.java:231)
	at org.junit.runners.ParentRunner$1.schedule(ParentRunner.java:60)
	at org.junit.runners.ParentRunner.runChildren(ParentRunner.java:229)
	at org.junit.runners.ParentRunner.access$000(ParentRunner.java:50)
	at org.junit.runners.ParentRunner$2.evaluate(ParentRunner.java:222)
	at org.junit.runners.ParentRunner.run(ParentRunner.java:300)
	at junit.framework.JUnit4TestAdapter.run(JUnit4TestAdapter.java:39)
	at org.apache.tools.ant.taskdefs.optional.junit.JUnitTestRunner.run(JUnitTestRunner.java:532)
	at org.apache.tools.ant.taskdefs.optional.junit.JUnitTestRunner.launch(JUnitTestRunner.java:1179)
	at org.apache.tools.ant.taskdefs.optional.junit.JUnitTestRunner.main(JUnitTestRunner.java:1030)
net.nexxus.nntp.NntpException: no such article
	at net.nexxus.nntp.NntpClientV2.responseCodeHandler(NntpClientV2.java:501)
	at net.nexxus.nntp.NntpClientV2.getArticleBody(NntpClientV2.java:701)
	at tests.nntp.NntpClientV2Test.testGetSpecificArticle(NntpClientV2Test.java:159)
	at sun.reflect.NativeMethodAccessorImpl.invoke0(Native Method)
	at sun.reflect.NativeMethodAccessorImpl.invoke(NativeMethodAccessorImpl.java:57)
	at sun.reflect.DelegatingMethodAccessorImpl.invoke(DelegatingMethodAccessorImpl.java:43)
	at java.lang.reflect.Method.invoke(Method.java:606)
	at org.junit.runners.model.FrameworkMethod$1.runReflectiveCall(FrameworkMethod.java:45)
	at org.junit.internal.runners.model.ReflectiveCallable.run(ReflectiveCallable.java:15)
	at org.junit.runners.model.FrameworkMethod.invokeExplosively(FrameworkMethod.java:42)
	at org.junit.internal.runners.statements.InvokeMethod.evaluate(InvokeMethod.java:20)
	at org.junit.internal.runners.statements.RunBefores.evaluate(RunBefores.java:28)
	at org.junit.runners.ParentRunner.runLeaf(ParentRunner.java:263)
	at org.junit.runners.BlockJUnit4ClassRunner.runChild(BlockJUnit4ClassRunner.java:68)
	at org.junit.runners.BlockJUnit4ClassRunner.runChild(BlockJUnit4ClassRunner.java:47)
	at org.junit.runners.ParentRunner$3.run(ParentRunner.java:231)
	at org.junit.runners.ParentRunner$1.schedule(ParentRunner.java:60)
	at org.junit.runners.ParentRunner.runChildren(ParentRunner.java:229)
	at org.junit.runners.ParentRunner.access$000(ParentRunner.java:50)
	at org.junit.runners.ParentRunner$2.evaluate(ParentRunner.java:222)
	at org.junit.runners.ParentRunner.run(ParentRunner.java:300)
	at junit.framework.JUnit4TestAdapter.run(JUnit4TestAdapter.java:39)
	at org.apache.tools.ant.taskdefs.optional.junit.JUnitTestRunner.run(JUnitTestRunner.java:532)
	at org.apache.tools.ant.taskdefs.optional.junit.JUnitTestRunner.launch(JUnitTestRunner.java:1179)
	at org.apache.tools.ant.taskdefs.optional.junit.JUnitTestRunner.main(JUnitTestRunner.java:1030)
net.nexxus.nntp.NntpException: no such article
	at net.nexxus.nntp.NntpClientV2.responseCodeHandler(NntpClientV2.java:501)
	at net.nexxus.nntp.NntpClientV2.getArticleBody(NntpClientV2.java:701)
	at tests.nntp.NntpClientV2Test.testGetSpecificArticle(NntpClientV2Test.java:159)
	at sun.reflect.NativeMethodAccessorImpl.invoke0(Native Method)
	at sun.reflect.NativeMethodAccessorImpl.invoke(NativeMethodAccessorImpl.java:57)
	at sun.reflect.DelegatingMethodAccessorImpl.invoke(DelegatingMethodAccessorImpl.java:43)
	at java.lang.reflect.Method.invoke(Method.java:606)
	at org.junit.runners.model.FrameworkMethod$1.runReflectiveCall(FrameworkMethod.java:45)
	at org.junit.internal.runners.model.ReflectiveCallable.run(ReflectiveCallable.java:15)
	at org.junit.runners.model.FrameworkMethod.invokeExplosively(FrameworkMethod.java:42)
	at org.junit.internal.runners.statements.InvokeMethod.evaluate(InvokeMethod.java:20)
	at org.junit.internal.runners.statements.RunBefores.evaluate(RunBefores.java:28)
	at org.junit.runners.ParentRunner.runLeaf(ParentRunner.java:263)
	at org.junit.runners.BlockJUnit4ClassRunner.runChild(BlockJUnit4ClassRunner.java:68)
	at org.junit.runners.BlockJUnit4ClassRunner.runChild(BlockJUnit4ClassRunner.java:47)
	at org.junit.runners.ParentRunner$3.run(ParentRunner.java:231)
	at org.junit.runners.ParentRunner$1.schedule(ParentRunner.java:60)
	at org.junit.runners.ParentRunner.runChildren(ParentRunner.java:229)
	at org.junit.runners.ParentRunner.access$000(ParentRunner.java:50)
	at org.junit.runners.ParentRunner$2.evaluate(ParentRunner.java:222)
	at org.junit.runners.ParentRunner.run(ParentRunner.java:300)
	at junit.framework.JUnit4TestAdapter.run(JUnit4TestAdapter.java:39)
	at org.apache.tools.ant.taskdefs.optional.junit.JUnitTestRunner.run(JUnitTestRunner.java:532)
	at org.apache.tools.ant.taskdefs.optional.junit.JUnitTestRunner.launch(JUnitTestRunner.java:1179)
	at org.apache.tools.ant.taskdefs.optional.junit.JUnitTestRunner.main(JUnitTestRunner.java:1030)
------------- ---------------- ---------------

Testcase: testGetArticle took 0 sec
	SKIPPED
Testcase: testGetSpecificArticle took 203.089 sec
Testcase: testGetGroups took 0 sec
	SKIPPED
Testcase: testUpdateHeaderState took 0 sec
	SKIPPED
Testcase: testXoverParsing took 0 sec
	SKIPPED
Testcase: testHeaderMultiMap took 0 sec
	SKIPPED
Testcase: testGetHeaders took 0 sec
	SKIPPED
Testcase: testConnect took 0.589 sec
